cabal: Entering directory '/tmp/cabal-tmp-15199/blaze-builder-0.4.1.0'
Configuring blaze-builder-0.4.1.0...
Building blaze-builder-0.4.1.0...
Preprocessing library blaze-builder-0.4.1.0...
[ 1 of 11] Compiling Blaze.ByteString.Builder.Internal.Write ( Blaze/ByteString/Builder/Internal/Write.hs, dist/dist-sandbox-5ccdfda5/build/Blaze/ByteString/Builder/Internal/Write.o )
[ 2 of 11] Compiling Blaze.ByteString.Builder.Compat.Write ( Blaze/ByteString/Builder/Compat/Write.hs, dist/dist-sandbox-5ccdfda5/build/Blaze/ByteString/Builder/Compat/Write.o )
[ 3 of 11] Compiling Blaze.ByteString.Builder.Html.Word ( Blaze/ByteString/Builder/Html/Word.hs, dist/dist-sandbox-5ccdfda5/build/Blaze/ByteString/Builder/Html/Word.o )
[ 4 of 11] Compiling Blaze.ByteString.Builder.Int ( Blaze/ByteString/Builder/Int.hs, dist/dist-sandbox-5ccdfda5/build/Blaze/ByteString/Builder/Int.o )
[ 5 of 11] Compiling Blaze.ByteString.Builder.Word ( Blaze/ByteString/Builder/Word.hs, dist/dist-sandbox-5ccdfda5/build/Blaze/ByteString/Builder/Word.o )
[ 6 of 11] Compiling Blaze.ByteString.Builder.Char8 ( Blaze/ByteString/Builder/Char8.hs, dist/dist-sandbox-5ccdfda5/build/Blaze/ByteString/Builder/Char8.o )
[ 7 of 11] Compiling Blaze.ByteString.Builder.Char.Utf8 ( Blaze/ByteString/Builder/Char/Utf8.hs, dist/dist-sandbox-5ccdfda5/build/Blaze/ByteString/Builder/Char/Utf8.o )
[ 8 of 11] Compiling Blaze.ByteString.Builder.Html.Utf8 ( Blaze/ByteString/Builder/Html/Utf8.hs, dist/dist-sandbox-5ccdfda5/build/Blaze/ByteString/Builder/Html/Utf8.o )
[ 9 of 11] Compiling Blaze.ByteString.Builder.ByteString ( Blaze/ByteString/Builder/ByteString.hs, dist/dist-sandbox-5ccdfda5/build/Blaze/ByteString/Builder/ByteString.o )
[10 of 11] Compiling Blaze.ByteString.Builder.HTTP ( Blaze/ByteString/Builder/HTTP.hs, dist/dist-sandbox-5ccdfda5/build/Blaze/ByteString/Builder/HTTP.o )
[11 of 11] Compiling Blaze.ByteString.Builder ( Blaze/ByteString/Builder.hs, dist/dist-sandbox-5ccdfda5/build/Blaze/ByteString/Builder.o )
Creating package registration file:
/tmp/pkgConf-blaze-builder-0.4.11476153275213975407.0
Installing library in
/home/borisqa/Documents/Study/2019-Retakes/MusicComposer/.cabal-sandbox/lib/x86_64-linux-ghc-8.0.2/blaze-builder-0.4.1.0-DZhU3WvZy3cuRb1dfqf77
Registering blaze-builder-0.4.1.0...
cabal: Leaving directory '/tmp/cabal-tmp-15199/blaze-builder-0.4.1.0'
