cabal: Entering directory '/tmp/cabal-tmp-3641/codeworld-api-0.2.5'
Configuring codeworld-api-0.2.5...
Building codeworld-api-0.2.5...
Preprocessing library codeworld-api-0.2.5...
[1 of 9] Compiling CodeWorld.Color  ( src/CodeWorld/Color.hs, dist/dist-sandbox-5ccdfda5/build/CodeWorld/Color.o )
[2 of 9] Compiling CodeWorld.Picture ( src/CodeWorld/Picture.hs, dist/dist-sandbox-5ccdfda5/build/CodeWorld/Picture.o )
[3 of 9] Compiling CodeWorld.Event  ( src/CodeWorld/Event.hs, dist/dist-sandbox-5ccdfda5/build/CodeWorld/Event.o )
[4 of 9] Compiling CodeWorld.CollaborationUI ( src/CodeWorld/CollaborationUI.hs, dist/dist-sandbox-5ccdfda5/build/CodeWorld/CollaborationUI.o )
[5 of 9] Compiling CodeWorld.CanvasM ( src/CodeWorld/CanvasM.hs, dist/dist-sandbox-5ccdfda5/build/CodeWorld/CanvasM.o )
[6 of 9] Compiling CodeWorld.Driver ( src/CodeWorld/Driver.hs, dist/dist-sandbox-5ccdfda5/build/CodeWorld/Driver.o )

src/CodeWorld/Driver.hs:2234:31: warning: [-Wdeprecations]
    In the use of type constructor or class ‘MouseButton’
    (imported from CodeWorld.Event):
    "Please use pointer events, which don't have buttons.
     MouseButton may be removed July 2019."

src/CodeWorld/Driver.hs:2235:24: warning: [-Wdeprecations]
    In the use of data constructor ‘LeftButton’
    (imported from CodeWorld.Event):
    "Please use pointer events, which don't have buttons.
     MouseButton may be removed July 2019."

src/CodeWorld/Driver.hs:2236:24: warning: [-Wdeprecations]
    In the use of data constructor ‘MiddleButton’
    (imported from CodeWorld.Event):
    "Please use pointer events, which don't have buttons.
     MouseButton may be removed July 2019."

src/CodeWorld/Driver.hs:2237:24: warning: [-Wdeprecations]
    In the use of data constructor ‘RightButton’
    (imported from CodeWorld.Event):
    "Please use pointer events, which don't have buttons.
     MouseButton may be removed July 2019."

src/CodeWorld/Driver.hs:2255:57: warning: [-Wdeprecations]
    In the use of data constructor ‘MousePress’
    (imported from CodeWorld.Event):
    "Please use PointerPress instead of MousePress.
     MousePress may be removed July 2019."

src/CodeWorld/Driver.hs:2258:57: warning: [-Wdeprecations]
    In the use of data constructor ‘MouseRelease’
    (imported from CodeWorld.Event):
    "Please use PointerRelease instead of MouseRelease.
     MouseRelease may be removed July 2019."

src/CodeWorld/Driver.hs:2260:57: warning: [-Wdeprecations]
    In the use of data constructor ‘MouseMovement’
    (imported from CodeWorld.Event):
    "Please use PointerMovement instead of MouseMovement.
     MouseMovement may be removed July 2019."

src/CodeWorld/Driver.hs:2608:1: warning: [-Wincomplete-patterns]
    Pattern match(es) are non-exhaustive
    In an equation for ‘prependIfChanged’: Patterns not matched: _ []

src/CodeWorld/Driver.hs:2617:5: warning: [-Wincomplete-patterns]
    Pattern match(es) are non-exhaustive
    In an equation for ‘draw’: Patterns not matched: []

src/CodeWorld/Driver.hs:2624:5: warning: [-Wincomplete-patterns]
    Pattern match(es) are non-exhaustive
    In an equation for ‘draw’: Patterns not matched: []
[7 of 9] Compiling CodeWorld        ( src/CodeWorld.hs, dist/dist-sandbox-5ccdfda5/build/CodeWorld.o )
[8 of 9] Compiling CodeWorld.App    ( src/CodeWorld/App.hs, dist/dist-sandbox-5ccdfda5/build/CodeWorld/App.o )
[9 of 9] Compiling CodeWorld.App2   ( src/CodeWorld/App2.hs, dist/dist-sandbox-5ccdfda5/build/CodeWorld/App2.o )
Creating package registration file:
/tmp/pkgConf-codeworld-api-0.27833686901102520059.5
Installing library in
/home/borisqa/Documents/Study/2019-Retakes/MusicComposer/.cabal-sandbox/lib/x86_64-linux-ghc-8.0.2/codeworld-api-0.2.5-Cl4u6acL6R79orZ4OHj6HN
Registering codeworld-api-0.2.5...
cabal: Leaving directory '/tmp/cabal-tmp-3641/codeworld-api-0.2.5'
