cabal: Entering directory '/tmp/cabal-tmp-15208/easy-file-0.2.2'
Configuring easy-file-0.2.2...
Building easy-file-0.2.2...
Preprocessing library easy-file-0.2.2...
[1 of 4] Compiling System.EasyFile.Missing ( System/EasyFile/Missing.hs, dist/dist-sandbox-5ccdfda5/build/System/EasyFile/Missing.o )

System/EasyFile/Missing.hs:7:1: warning: [-Wunused-imports]
    The import of ‘Control.Applicative’ is redundant
      except perhaps to import instances from ‘Control.Applicative’
    To import instances alone, use: import Control.Applicative()
[2 of 4] Compiling System.EasyFile.FilePath ( System/EasyFile/FilePath.hs, dist/dist-sandbox-5ccdfda5/build/System/EasyFile/FilePath.o )
[3 of 4] Compiling System.EasyFile.Directory ( System/EasyFile/Directory.hs, dist/dist-sandbox-5ccdfda5/build/System/EasyFile/Directory.o )

System/EasyFile/Directory.hs:37:1: warning: [-Wunused-imports]
    The import of ‘Control.Applicative’ is redundant
      except perhaps to import instances from ‘Control.Applicative’
    To import instances alone, use: import Control.Applicative()
[4 of 4] Compiling System.EasyFile  ( System/EasyFile.hs, dist/dist-sandbox-5ccdfda5/build/System/EasyFile.o )
Creating package registration file:
/tmp/pkgConf-easy-file-0.27407593551285228804.2
Installing library in
/home/borisqa/Documents/Study/2019-Retakes/MusicComposer/.cabal-sandbox/lib/x86_64-linux-ghc-8.0.2/easy-file-0.2.2-Jh3FCwoF5eXHtLtZO5SJz5
Registering easy-file-0.2.2...
cabal: Leaving directory '/tmp/cabal-tmp-15208/easy-file-0.2.2'
