cabal: Entering directory '/tmp/cabal-tmp-3894/OpenAL-1.7.0.4'
Configuring OpenAL-1.7.0.4...
Building OpenAL-1.7.0.4...
Preprocessing library OpenAL-1.7.0.4...
[ 1 of 30] Compiling Sound.OpenAL.Config ( src/Sound/OpenAL/Config.hs, dist/dist-sandbox-5ccdfda5/build/Sound/OpenAL/Config.o )
[ 2 of 30] Compiling Sound.OpenAL.Constants ( src/Sound/OpenAL/Constants.hs, dist/dist-sandbox-5ccdfda5/build/Sound/OpenAL/Constants.o )
[ 3 of 30] Compiling Sound.OpenAL.ALC.BasicTypes ( src/Sound/OpenAL/ALC/BasicTypes.hs, dist/dist-sandbox-5ccdfda5/build/Sound/OpenAL/ALC/BasicTypes.o )
[ 4 of 30] Compiling Sound.OpenAL.ALC.String ( src/Sound/OpenAL/ALC/String.hs, dist/dist-sandbox-5ccdfda5/build/Sound/OpenAL/ALC/String.o )
[ 5 of 30] Compiling Sound.OpenAL.ALC.ALCboolean ( src/Sound/OpenAL/ALC/ALCboolean.hs, dist/dist-sandbox-5ccdfda5/build/Sound/OpenAL/ALC/ALCboolean.o )
[ 6 of 30] Compiling Sound.OpenAL.ALC.QueryUtils ( src/Sound/OpenAL/ALC/QueryUtils.hs, dist/dist-sandbox-5ccdfda5/build/Sound/OpenAL/ALC/QueryUtils.o )
[ 7 of 30] Compiling Sound.OpenAL.ALC.Device ( src/Sound/OpenAL/ALC/Device.hs, dist/dist-sandbox-5ccdfda5/build/Sound/OpenAL/ALC/Device.o )
[ 8 of 30] Compiling Sound.OpenAL.ALC.Errors ( src/Sound/OpenAL/ALC/Errors.hs, dist/dist-sandbox-5ccdfda5/build/Sound/OpenAL/ALC/Errors.o )
[ 9 of 30] Compiling Sound.OpenAL.ALC.Context ( src/Sound/OpenAL/ALC/Context.hs, dist/dist-sandbox-5ccdfda5/build/Sound/OpenAL/ALC/Context.o )
[10 of 30] Compiling Sound.OpenAL.ALC.Extensions ( src/Sound/OpenAL/ALC/Extensions.hs, dist/dist-sandbox-5ccdfda5/build/Sound/OpenAL/ALC/Extensions.o )
[11 of 30] Compiling Sound.OpenAL.AL.PeekPoke ( src/Sound/OpenAL/AL/PeekPoke.hs, dist/dist-sandbox-5ccdfda5/build/Sound/OpenAL/AL/PeekPoke.o )
[12 of 30] Compiling Sound.OpenAL.AL.BasicTypes ( src/Sound/OpenAL/AL/BasicTypes.hs, dist/dist-sandbox-5ccdfda5/build/Sound/OpenAL/AL/BasicTypes.o )
[13 of 30] Compiling Sound.OpenAL.AL.Format ( src/Sound/OpenAL/AL/Format.hs, dist/dist-sandbox-5ccdfda5/build/Sound/OpenAL/AL/Format.o )
[14 of 30] Compiling Sound.OpenAL.AL.SourceState ( src/Sound/OpenAL/AL/SourceState.hs, dist/dist-sandbox-5ccdfda5/build/Sound/OpenAL/AL/SourceState.o )
[15 of 30] Compiling Sound.OpenAL.AL.String ( src/Sound/OpenAL/AL/String.hs, dist/dist-sandbox-5ccdfda5/build/Sound/OpenAL/AL/String.o )
[16 of 30] Compiling Sound.OpenAL.AL.QueryUtils ( src/Sound/OpenAL/AL/QueryUtils.hs, dist/dist-sandbox-5ccdfda5/build/Sound/OpenAL/AL/QueryUtils.o )
[17 of 30] Compiling Sound.OpenAL.AL.Errors ( src/Sound/OpenAL/AL/Errors.hs, dist/dist-sandbox-5ccdfda5/build/Sound/OpenAL/AL/Errors.o )
[18 of 30] Compiling Sound.OpenAL.AL.Listener ( src/Sound/OpenAL/AL/Listener.hs, dist/dist-sandbox-5ccdfda5/build/Sound/OpenAL/AL/Listener.o )
[19 of 30] Compiling Sound.OpenAL.AL.StringQueries ( src/Sound/OpenAL/AL/StringQueries.hs, dist/dist-sandbox-5ccdfda5/build/Sound/OpenAL/AL/StringQueries.o )
[20 of 30] Compiling Sound.OpenAL.AL.ALboolean ( src/Sound/OpenAL/AL/ALboolean.hs, dist/dist-sandbox-5ccdfda5/build/Sound/OpenAL/AL/ALboolean.o )
[21 of 30] Compiling Sound.OpenAL.AL.BufferInternal ( src/Sound/OpenAL/AL/BufferInternal.hs, dist/dist-sandbox-5ccdfda5/build/Sound/OpenAL/AL/BufferInternal.o )
[22 of 30] Compiling Sound.OpenAL.AL.Buffer ( src/Sound/OpenAL/AL/Buffer.hs, dist/dist-sandbox-5ccdfda5/build/Sound/OpenAL/AL/Buffer.o )
[23 of 30] Compiling Sound.OpenAL.ALC.Capture ( src/Sound/OpenAL/ALC/Capture.hs, dist/dist-sandbox-5ccdfda5/build/Sound/OpenAL/ALC/Capture.o )
[24 of 30] Compiling Sound.OpenAL.ALC ( src/Sound/OpenAL/ALC.hs, dist/dist-sandbox-5ccdfda5/build/Sound/OpenAL/ALC.o )
[25 of 30] Compiling Sound.OpenAL.AL.Extensions ( src/Sound/OpenAL/AL/Extensions.hs, dist/dist-sandbox-5ccdfda5/build/Sound/OpenAL/AL/Extensions.o )
[26 of 30] Compiling Sound.OpenAL.AL.Doppler ( src/Sound/OpenAL/AL/Doppler.hs, dist/dist-sandbox-5ccdfda5/build/Sound/OpenAL/AL/Doppler.o )
[27 of 30] Compiling Sound.OpenAL.AL.Source ( src/Sound/OpenAL/AL/Source.hs, dist/dist-sandbox-5ccdfda5/build/Sound/OpenAL/AL/Source.o )
[28 of 30] Compiling Sound.OpenAL.AL.Attenuation ( src/Sound/OpenAL/AL/Attenuation.hs, dist/dist-sandbox-5ccdfda5/build/Sound/OpenAL/AL/Attenuation.o )
[29 of 30] Compiling Sound.OpenAL.AL  ( src/Sound/OpenAL/AL.hs, dist/dist-sandbox-5ccdfda5/build/Sound/OpenAL/AL.o )
[30 of 30] Compiling Sound.OpenAL     ( src/Sound/OpenAL.hs, dist/dist-sandbox-5ccdfda5/build/Sound/OpenAL.o )
Creating package registration file:
/tmp/pkgConf-OpenAL-1.7.07833686901102520059.4
Installing library in
/home/borisqa/Documents/Study/2019-Retakes/MusicComposer/.cabal-sandbox/lib/x86_64-linux-ghc-8.0.2/OpenAL-1.7.0.4-4Dl4YubUfs98BsU9QruOBg
Registering OpenAL-1.7.0.4...
cabal: Leaving directory '/tmp/cabal-tmp-3894/OpenAL-1.7.0.4'
