cabal: Entering directory '/tmp/cabal-tmp-6710/SDL-0.6.7.0'
[1 of 1] Compiling Main             ( /tmp/cabal-tmp-6710/SDL-0.6.7.0/dist/dist-sandbox-5ccdfda5/setup/setup.hs, /tmp/cabal-tmp-6710/SDL-0.6.7.0/dist/dist-sandbox-5ccdfda5/setup/Main.o )
Linking /tmp/cabal-tmp-6710/SDL-0.6.7.0/dist/dist-sandbox-5ccdfda5/setup/setup ...
Configuring SDL-0.6.7.0...
configure: WARNING: unrecognized options: --with-compiler
checking for sdl-config... /usr/bin/sdl-config
configure: creating ./config.status
config.status: creating config.mk
config.status: creating SDL.buildinfo
config.status: creating includes/HsSDLConfig.h
configure: WARNING: unrecognized options: --with-compiler
Building SDL-0.6.7.0...
Preprocessing library SDL-0.6.7.0...
[ 1 of 16] Compiling Graphics.UI.SDL.Version ( dist/dist-sandbox-5ccdfda5/build/Graphics/UI/SDL/Version.hs, dist/dist-sandbox-5ccdfda5/build/Graphics/UI/SDL/Version.o )

Graphics/UI/SDL/Version.hsc:17:10: warning: [-Wmissing-methods]
    • No explicit implementation for
        either ‘Foreign.Storable.poke’
               or
               ‘Foreign.Storable.pokeElemOff’
               or
               ‘Foreign.Storable.pokeByteOff’
    • In the instance declaration for ‘Storable SDLVersion’
[ 2 of 16] Compiling Graphics.UI.SDL.Utilities ( Graphics/UI/SDL/Utilities.hs, dist/dist-sandbox-5ccdfda5/build/Graphics/UI/SDL/Utilities.o )
[ 3 of 16] Compiling Graphics.UI.SDL.Time ( Graphics/UI/SDL/Time.hs, dist/dist-sandbox-5ccdfda5/build/Graphics/UI/SDL/Time.o )
[ 4 of 16] Compiling Graphics.UI.SDL.Rect ( dist/dist-sandbox-5ccdfda5/build/Graphics/UI/SDL/Rect.hs, dist/dist-sandbox-5ccdfda5/build/Graphics/UI/SDL/Rect.o )
[ 5 of 16] Compiling Graphics.UI.SDL.Keysym ( dist/dist-sandbox-5ccdfda5/build/Graphics/UI/SDL/Keysym.hs, dist/dist-sandbox-5ccdfda5/build/Graphics/UI/SDL/Keysym.o )
[ 6 of 16] Compiling Graphics.UI.SDL.General ( dist/dist-sandbox-5ccdfda5/build/Graphics/UI/SDL/General.hs, dist/dist-sandbox-5ccdfda5/build/Graphics/UI/SDL/General.o )
[ 7 of 16] Compiling Graphics.UI.SDL.Color ( Graphics/UI/SDL/Color.hs, dist/dist-sandbox-5ccdfda5/build/Graphics/UI/SDL/Color.o )
[ 8 of 16] Compiling Graphics.UI.SDL.Types ( dist/dist-sandbox-5ccdfda5/build/Graphics/UI/SDL/Types.hs, dist/dist-sandbox-5ccdfda5/build/Graphics/UI/SDL/Types.o )
[ 9 of 16] Compiling Graphics.UI.SDL.Joystick ( dist/dist-sandbox-5ccdfda5/build/Graphics/UI/SDL/Joystick.hs, dist/dist-sandbox-5ccdfda5/build/Graphics/UI/SDL/Joystick.o )
[10 of 16] Compiling Graphics.UI.SDL.RWOps ( Graphics/UI/SDL/RWOps.hs, dist/dist-sandbox-5ccdfda5/build/Graphics/UI/SDL/RWOps.o )
[11 of 16] Compiling Graphics.UI.SDL.WindowManagement ( dist/dist-sandbox-5ccdfda5/build/Graphics/UI/SDL/WindowManagement.hs, dist/dist-sandbox-5ccdfda5/build/Graphics/UI/SDL/WindowManagement.o )
[12 of 16] Compiling Graphics.UI.SDL.Video ( dist/dist-sandbox-5ccdfda5/build/Graphics/UI/SDL/Video.hs, dist/dist-sandbox-5ccdfda5/build/Graphics/UI/SDL/Video.o )
[13 of 16] Compiling Graphics.UI.SDL.Events ( dist/dist-sandbox-5ccdfda5/build/Graphics/UI/SDL/Events.hs, dist/dist-sandbox-5ccdfda5/build/Graphics/UI/SDL/Events.o )
[14 of 16] Compiling Graphics.UI.SDL.CPUInfo ( Graphics/UI/SDL/CPUInfo.hs, dist/dist-sandbox-5ccdfda5/build/Graphics/UI/SDL/CPUInfo.o )
[15 of 16] Compiling Graphics.UI.SDL.Audio ( dist/dist-sandbox-5ccdfda5/build/Graphics/UI/SDL/Audio.hs, dist/dist-sandbox-5ccdfda5/build/Graphics/UI/SDL/Audio.o )
[16 of 16] Compiling Graphics.UI.SDL  ( Graphics/UI/SDL.hs, dist/dist-sandbox-5ccdfda5/build/Graphics/UI/SDL.o )
Creating package registration file:
/tmp/pkgConf-SDL-0.6.713651805401540383426.0
Installing library in
/home/borisqa/Documents/Study/2019-Retakes/MusicComposer/.cabal-sandbox/lib/x86_64-linux-ghc-8.0.2/SDL-0.6.7.0-LGEuG5kdZFAHg4OkQrbA8D
Registering SDL-0.6.7.0...
cabal: Leaving directory '/tmp/cabal-tmp-6710/SDL-0.6.7.0'
