cabal: Entering directory '/tmp/cabal-tmp-4379/SDL-mixer-0.6.3.0'
[1 of 1] Compiling Main             ( /tmp/cabal-tmp-4379/SDL-mixer-0.6.3.0/dist/dist-sandbox-5ccdfda5/setup/setup.hs, /tmp/cabal-tmp-4379/SDL-mixer-0.6.3.0/dist/dist-sandbox-5ccdfda5/setup/Main.o )
Linking /tmp/cabal-tmp-4379/SDL-mixer-0.6.3.0/dist/dist-sandbox-5ccdfda5/setup/setup ...
Configuring SDL-mixer-0.6.3.0...
configure: WARNING: unrecognized options: --with-compiler
checking for sdl-config... /usr/bin/sdl-config
checking for gcc... /usr/bin/gcc
checking whether the C compiler works... yes
checking for C compiler default output file name... a.out
checking for suffix of executables... 
checking whether we are cross compiling... no
checking for suffix of object files... o
checking whether we are using the GNU C compiler... yes
checking whether /usr/bin/gcc accepts -g... yes
checking for /usr/bin/gcc option to accept ISO C89... none needed
checking for Mix_OpenAudio in -lSDL_mixer... yes
configure: creating ./config.status
config.status: creating config.mk
config.status: creating SDL-mixer.buildinfo
config.status: creating includes/HsSDLConfig.h
configure: WARNING: unrecognized options: --with-compiler
Building SDL-mixer-0.6.3.0...
Preprocessing library SDL-mixer-0.6.3.0...
[1 of 7] Compiling Graphics.UI.SDL.Mixer.Version ( dist/dist-sandbox-5ccdfda5/build/Graphics/UI/SDL/Mixer/Version.hs, dist/dist-sandbox-5ccdfda5/build/Graphics/UI/SDL/Mixer/Version.o )

Graphics/UI/SDL/Mixer/Version.hsc:14:10: warning: [-Wmissing-methods]
    • No explicit implementation for
        either ‘Foreign.Storable.poke’
               or
               ‘Foreign.Storable.pokeElemOff’
               or
               ‘Foreign.Storable.pokeByteOff’
    • In the instance declaration for ‘Storable SDLVersion’
[2 of 7] Compiling Graphics.UI.SDL.Mixer.Types ( Graphics/UI/SDL/Mixer/Types.hs, dist/dist-sandbox-5ccdfda5/build/Graphics/UI/SDL/Mixer/Types.o )
[3 of 7] Compiling Graphics.UI.SDL.Mixer.Samples ( Graphics/UI/SDL/Mixer/Samples.hs, dist/dist-sandbox-5ccdfda5/build/Graphics/UI/SDL/Mixer/Samples.o )
[4 of 7] Compiling Graphics.UI.SDL.Mixer.Music ( Graphics/UI/SDL/Mixer/Music.hs, dist/dist-sandbox-5ccdfda5/build/Graphics/UI/SDL/Mixer/Music.o )
[5 of 7] Compiling Graphics.UI.SDL.Mixer.General ( dist/dist-sandbox-5ccdfda5/build/Graphics/UI/SDL/Mixer/General.hs, dist/dist-sandbox-5ccdfda5/build/Graphics/UI/SDL/Mixer/General.o )
[6 of 7] Compiling Graphics.UI.SDL.Mixer.Channels ( Graphics/UI/SDL/Mixer/Channels.hs, dist/dist-sandbox-5ccdfda5/build/Graphics/UI/SDL/Mixer/Channels.o )
[7 of 7] Compiling Graphics.UI.SDL.Mixer ( Graphics/UI/SDL/Mixer.hs, dist/dist-sandbox-5ccdfda5/build/Graphics/UI/SDL/Mixer.o )
Creating package registration file:
/tmp/pkgConf-SDL-mixer-0.6.313651805401540383426.0
Installing library in
/home/borisqa/Documents/Study/2019-Retakes/MusicComposer/.cabal-sandbox/lib/x86_64-linux-ghc-8.0.2/SDL-mixer-0.6.3.0-v3WvBJYqSzKJagFuasGAg
Registering SDL-mixer-0.6.3.0...
cabal: Leaving directory '/tmp/cabal-tmp-4379/SDL-mixer-0.6.3.0'
