cabal: Entering directory '/tmp/cabal-tmp-15215/simple-sendfile-0.2.27'
Configuring simple-sendfile-0.2.27...
Building simple-sendfile-0.2.27...
Preprocessing library simple-sendfile-0.2.27...
[1 of 4] Compiling Network.Sendfile.Types ( Network/Sendfile/Types.hs, dist/dist-sandbox-5ccdfda5/build/Network/Sendfile/Types.o )
[2 of 4] Compiling Network.Sendfile.Linux ( dist/dist-sandbox-5ccdfda5/build/Network/Sendfile/Linux.hs, dist/dist-sandbox-5ccdfda5/build/Network/Sendfile/Linux.o )

Network/Sendfile/Linux.hsc:12:1: warning: [-Wunused-imports]
    The import of ‘Control.Applicative’ is redundant
      except perhaps to import instances from ‘Control.Applicative’
    To import instances alone, use: import Control.Applicative()

Network/Sendfile/Linux.hsc:17:1: warning: [-Wunused-imports]
    The import of ‘Data.Int’ is redundant
      except perhaps to import instances from ‘Data.Int’
    To import instances alone, use: import Data.Int()
[3 of 4] Compiling System.Linux.Sendfile ( System/Linux/Sendfile.hs, dist/dist-sandbox-5ccdfda5/build/System/Linux/Sendfile.o )
[4 of 4] Compiling Network.Sendfile ( Network/Sendfile.hs, dist/dist-sandbox-5ccdfda5/build/Network/Sendfile.o )
Creating package registration file:
/tmp/pkgConf-simple-sendfile-0.21431419379620145550.27
Installing library in
/home/borisqa/Documents/Study/2019-Retakes/MusicComposer/.cabal-sandbox/lib/x86_64-linux-ghc-8.0.2/simple-sendfile-0.2.27-JjCjKLFIY8hBXdpp9TeWl8
Registering simple-sendfile-0.2.27...
cabal: Leaving directory '/tmp/cabal-tmp-15215/simple-sendfile-0.2.27'
