cabal: Entering directory '/tmp/cabal-tmp-15195/text-show-3.7.5'
Warning: text-show.cabal: Unknown fields: build-tool-depends (line 359)
Fields allowed in this section:
type, main-is, test-module, buildable, build-tools, build-depends,
cpp-options, cc-options, ld-options, pkgconfig-depends, frameworks,
extra-framework-dirs, c-sources, js-sources, default-language,
other-languages, default-extensions, other-extensions, extensions,
extra-libraries, extra-ghci-libraries, extra-lib-dirs, includes,
install-includes, include-dirs, hs-source-dirs, other-modules,
ghc-prof-options, ghcjs-prof-options, ghc-shared-options,
ghcjs-shared-options, ghc-options, ghcjs-options, jhc-options,
hugs-options, nhc98-options
Configuring text-show-3.7.5...
Building text-show-3.7.5...
Preprocessing library text-show-3.7.5...
[ 1 of 66] Compiling TextShow.Utils   ( src/TextShow/Utils.hs, dist/dist-sandbox-5ccdfda5/build/TextShow/Utils.o )
[ 2 of 66] Compiling TextShow.TH.Names ( shared/TextShow/TH/Names.hs, dist/dist-sandbox-5ccdfda5/build/TextShow/TH/Names.o )
[ 3 of 66] Compiling TextShow.Options ( src/TextShow/Options.hs, dist/dist-sandbox-5ccdfda5/build/TextShow/Options.o )
[ 4 of 66] Compiling TextShow.GHC.Conc.Windows ( src/TextShow/GHC/Conc/Windows.hs, dist/dist-sandbox-5ccdfda5/build/TextShow/GHC/Conc/Windows.o )
[ 5 of 66] Compiling TextShow.Data.OldTypeable ( src/TextShow/Data/OldTypeable.hs, dist/dist-sandbox-5ccdfda5/build/TextShow/Data/OldTypeable.o )
[ 6 of 66] Compiling TextShow.Classes ( src/TextShow/Classes.hs, dist/dist-sandbox-5ccdfda5/build/TextShow/Classes.o )
[ 7 of 66] Compiling TextShow.Control.Monad.ST ( src/TextShow/Control/Monad/ST.hs, dist/dist-sandbox-5ccdfda5/build/TextShow/Control/Monad/ST.o )
[ 8 of 66] Compiling TextShow.Data.Functor.Compose ( src/TextShow/Data/Functor/Compose.hs, dist/dist-sandbox-5ccdfda5/build/TextShow/Data/Functor/Compose.o )
[ 9 of 66] Compiling TextShow.Data.Functor.Identity ( src/TextShow/Data/Functor/Identity.hs, dist/dist-sandbox-5ccdfda5/build/TextShow/Data/Functor/Identity.o )
[10 of 66] Compiling TextShow.Data.Integral ( src/TextShow/Data/Integral.hs, dist/dist-sandbox-5ccdfda5/build/TextShow/Data/Integral.o )
[11 of 66] Compiling TextShow.Data.Fixed ( src/TextShow/Data/Fixed.hs, dist/dist-sandbox-5ccdfda5/build/TextShow/Data/Fixed.o )
[12 of 66] Compiling TextShow.Data.Ratio ( src/TextShow/Data/Ratio.hs, dist/dist-sandbox-5ccdfda5/build/TextShow/Data/Ratio.o )
[13 of 66] Compiling TextShow.Data.Typeable.Utils ( src/TextShow/Data/Typeable/Utils.hs, dist/dist-sandbox-5ccdfda5/build/TextShow/Data/Typeable/Utils.o )
[14 of 66] Compiling TextShow.Data.Void ( src/TextShow/Data/Void.hs, dist/dist-sandbox-5ccdfda5/build/TextShow/Data/Void.o )
[15 of 66] Compiling TextShow.Foreign.Ptr ( src/TextShow/Foreign/Ptr.hs, dist/dist-sandbox-5ccdfda5/build/TextShow/Foreign/Ptr.o )
[16 of 66] Compiling TextShow.FromStringTextShow ( src/TextShow/FromStringTextShow.hs, dist/dist-sandbox-5ccdfda5/build/TextShow/FromStringTextShow.o )
[17 of 66] Compiling TextShow.Functions ( src/TextShow/Functions.hs, dist/dist-sandbox-5ccdfda5/build/TextShow/Functions.o )
[18 of 66] Compiling TextShow.GHC.Fingerprint ( src/TextShow/GHC/Fingerprint.hs, dist/dist-sandbox-5ccdfda5/build/TextShow/GHC/Fingerprint.o )
[19 of 66] Compiling TextShow.Numeric.Natural ( src/TextShow/Numeric/Natural.hs, dist/dist-sandbox-5ccdfda5/build/TextShow/Numeric/Natural.o )
[20 of 66] Compiling TextShow.TH.Internal ( src/TextShow/TH/Internal.hs, dist/dist-sandbox-5ccdfda5/build/TextShow/TH/Internal.o )
[21 of 66] Compiling TextShow.Control.Exception ( src/TextShow/Control/Exception.hs, dist/dist-sandbox-5ccdfda5/build/TextShow/Control/Exception.o )
[22 of 66] Compiling TextShow.Data.Bool ( src/TextShow/Data/Bool.hs, dist/dist-sandbox-5ccdfda5/build/TextShow/Data/Bool.o )
[23 of 66] Compiling TextShow.Data.Char ( src/TextShow/Data/Char.hs, dist/dist-sandbox-5ccdfda5/build/TextShow/Data/Char.o )
[24 of 66] Compiling TextShow.Data.List ( src/TextShow/Data/List.hs, dist/dist-sandbox-5ccdfda5/build/TextShow/Data/List.o )
[25 of 66] Compiling TextShow.Control.Applicative ( src/TextShow/Control/Applicative.hs, dist/dist-sandbox-5ccdfda5/build/TextShow/Control/Applicative.o )
[26 of 66] Compiling TextShow.Data.ByteString ( src/TextShow/Data/ByteString.hs, dist/dist-sandbox-5ccdfda5/build/TextShow/Data/ByteString.o )
[27 of 66] Compiling TextShow.Data.Typeable ( src/TextShow/Data/Typeable.hs, dist/dist-sandbox-5ccdfda5/build/TextShow/Data/Typeable.o )
[28 of 66] Compiling TextShow.Data.Dynamic ( src/TextShow/Data/Dynamic.hs, dist/dist-sandbox-5ccdfda5/build/TextShow/Data/Dynamic.o )
[29 of 66] Compiling TextShow.GHC.TypeLits ( src/TextShow/GHC/TypeLits.hs, dist/dist-sandbox-5ccdfda5/build/TextShow/GHC/TypeLits.o )
[30 of 66] Compiling TextShow.Data.Data ( src/TextShow/Data/Data.hs, dist/dist-sandbox-5ccdfda5/build/TextShow/Data/Data.o )
[31 of 66] Compiling TextShow.Data.Either ( src/TextShow/Data/Either.hs, dist/dist-sandbox-5ccdfda5/build/TextShow/Data/Either.o )
[32 of 66] Compiling TextShow.Data.Floating ( src/TextShow/Data/Floating.hs, dist/dist-sandbox-5ccdfda5/build/TextShow/Data/Floating.o )
[33 of 66] Compiling TextShow.Data.Complex ( src/TextShow/Data/Complex.hs, dist/dist-sandbox-5ccdfda5/build/TextShow/Data/Complex.o )
[34 of 66] Compiling TextShow.Foreign.C.Types ( src/TextShow/Foreign/C/Types.hs, dist/dist-sandbox-5ccdfda5/build/TextShow/Foreign/C/Types.o )
[35 of 66] Compiling TextShow.Control.Concurrent ( src/TextShow/Control/Concurrent.hs, dist/dist-sandbox-5ccdfda5/build/TextShow/Control/Concurrent.o )
[36 of 66] Compiling TextShow.System.Posix.Types ( src/TextShow/System/Posix/Types.hs, dist/dist-sandbox-5ccdfda5/build/TextShow/System/Posix/Types.o )
[37 of 66] Compiling TextShow.Data.Functor.Product ( src/TextShow/Data/Functor/Product.hs, dist/dist-sandbox-5ccdfda5/build/TextShow/Data/Functor/Product.o )
[38 of 66] Compiling TextShow.Data.Functor.Sum ( src/TextShow/Data/Functor/Sum.hs, dist/dist-sandbox-5ccdfda5/build/TextShow/Data/Functor/Sum.o )
[39 of 66] Compiling TextShow.Data.List.NonEmpty ( src/TextShow/Data/List/NonEmpty.hs, dist/dist-sandbox-5ccdfda5/build/TextShow/Data/List/NonEmpty.o )
[40 of 66] Compiling TextShow.Data.Maybe ( src/TextShow/Data/Maybe.hs, dist/dist-sandbox-5ccdfda5/build/TextShow/Data/Maybe.o )
[41 of 66] Compiling TextShow.Data.Monoid ( src/TextShow/Data/Monoid.hs, dist/dist-sandbox-5ccdfda5/build/TextShow/Data/Monoid.o )
[42 of 66] Compiling TextShow.Data.Ord ( src/TextShow/Data/Ord.hs, dist/dist-sandbox-5ccdfda5/build/TextShow/Data/Ord.o )
[43 of 66] Compiling TextShow.Data.Proxy ( src/TextShow/Data/Proxy.hs, dist/dist-sandbox-5ccdfda5/build/TextShow/Data/Proxy.o )
[44 of 66] Compiling TextShow.Data.Semigroup ( src/TextShow/Data/Semigroup.hs, dist/dist-sandbox-5ccdfda5/build/TextShow/Data/Semigroup.o )
[45 of 66] Compiling TextShow.Data.Text ( src/TextShow/Data/Text.hs, dist/dist-sandbox-5ccdfda5/build/TextShow/Data/Text.o )
[46 of 66] Compiling TextShow.Data.Tuple ( src/TextShow/Data/Tuple.hs, dist/dist-sandbox-5ccdfda5/build/TextShow/Data/Tuple.o )
[47 of 66] Compiling TextShow.Data.Array ( src/TextShow/Data/Array.hs, dist/dist-sandbox-5ccdfda5/build/TextShow/Data/Array.o )
[48 of 66] Compiling TextShow.Data.Type.Coercion ( src/TextShow/Data/Type/Coercion.hs, dist/dist-sandbox-5ccdfda5/build/TextShow/Data/Type/Coercion.o )
[49 of 66] Compiling TextShow.Data.Type.Equality ( src/TextShow/Data/Type/Equality.hs, dist/dist-sandbox-5ccdfda5/build/TextShow/Data/Type/Equality.o )
[50 of 66] Compiling TextShow.Data.Version ( src/TextShow/Data/Version.hs, dist/dist-sandbox-5ccdfda5/build/TextShow/Data/Version.o )
[51 of 66] Compiling TextShow.GHC.Event ( src/TextShow/GHC/Event.hs, dist/dist-sandbox-5ccdfda5/build/TextShow/GHC/Event.o )
[52 of 66] Compiling TextShow.GHC.Generics ( src/TextShow/GHC/Generics.hs, dist/dist-sandbox-5ccdfda5/build/TextShow/GHC/Generics.o )
[53 of 66] Compiling TextShow.GHC.RTS.Flags ( src/TextShow/GHC/RTS/Flags.hs, dist/dist-sandbox-5ccdfda5/build/TextShow/GHC/RTS/Flags.o )
[54 of 66] Compiling TextShow.GHC.Stack ( src/TextShow/GHC/Stack.hs, dist/dist-sandbox-5ccdfda5/build/TextShow/GHC/Stack.o )
[55 of 66] Compiling TextShow.GHC.StaticPtr ( src/TextShow/GHC/StaticPtr.hs, dist/dist-sandbox-5ccdfda5/build/TextShow/GHC/StaticPtr.o )
[56 of 66] Compiling TextShow.GHC.Stats ( src/TextShow/GHC/Stats.hs, dist/dist-sandbox-5ccdfda5/build/TextShow/GHC/Stats.o )
[57 of 66] Compiling TextShow.System.Exit ( src/TextShow/System/Exit.hs, dist/dist-sandbox-5ccdfda5/build/TextShow/System/Exit.o )
[58 of 66] Compiling TextShow.System.IO ( src/TextShow/System/IO.hs, dist/dist-sandbox-5ccdfda5/build/TextShow/System/IO.o )
[59 of 66] Compiling TextShow.Text.Read ( src/TextShow/Text/Read.hs, dist/dist-sandbox-5ccdfda5/build/TextShow/Text/Read.o )
[60 of 66] Compiling TextShow.Instances ( src/TextShow/Instances.hs, dist/dist-sandbox-5ccdfda5/build/TextShow/Instances.o )
[61 of 66] Compiling TextShow.Debug.Trace ( src/TextShow/Debug/Trace.hs, dist/dist-sandbox-5ccdfda5/build/TextShow/Debug/Trace.o )
[62 of 66] Compiling TextShow.Debug.Trace.TH ( src/TextShow/Debug/Trace/TH.hs, dist/dist-sandbox-5ccdfda5/build/TextShow/Debug/Trace/TH.o )
[63 of 66] Compiling TextShow.Generic ( src/TextShow/Generic.hs, dist/dist-sandbox-5ccdfda5/build/TextShow/Generic.o )
[64 of 66] Compiling TextShow.Debug.Trace.Generic ( src/TextShow/Debug/Trace/Generic.hs, dist/dist-sandbox-5ccdfda5/build/TextShow/Debug/Trace/Generic.o )
[65 of 66] Compiling TextShow.TH      ( src/TextShow/TH.hs, dist/dist-sandbox-5ccdfda5/build/TextShow/TH.o )
[66 of 66] Compiling TextShow         ( src/TextShow.hs, dist/dist-sandbox-5ccdfda5/build/TextShow.o )
Creating package registration file:
/tmp/pkgConf-text-show-3.711842146772004504234.5
Installing library in
/home/borisqa/Documents/Study/2019-Retakes/MusicComposer/.cabal-sandbox/lib/x86_64-linux-ghc-8.0.2/text-show-3.7.5-3GVv7nuwtVcJsos0NEm5EA
Registering text-show-3.7.5...
cabal: Leaving directory '/tmp/cabal-tmp-15195/text-show-3.7.5'
