cabal: Entering directory '/tmp/cabal-tmp-15194/wai-extra-3.0.24.3'
Configuring wai-extra-3.0.24.3...
Building wai-extra-3.0.24.3...
Preprocessing library wai-extra-3.0.24.3...
[ 1 of 32] Compiling Network.Wai.UrlMap ( Network/Wai/UrlMap.hs, dist/dist-sandbox-5ccdfda5/build/Network/Wai/UrlMap.o )
[ 2 of 32] Compiling Network.Wai.Test.Internal ( Network/Wai/Test/Internal.hs, dist/dist-sandbox-5ccdfda5/build/Network/Wai/Test/Internal.o )
[ 3 of 32] Compiling Network.Wai.Test ( Network/Wai/Test.hs, dist/dist-sandbox-5ccdfda5/build/Network/Wai/Test.o )
[ 4 of 32] Compiling Network.Wai.Request ( Network/Wai/Request.hs, dist/dist-sandbox-5ccdfda5/build/Network/Wai/Request.o )
[ 5 of 32] Compiling Network.Wai.Parse ( Network/Wai/Parse.hs, dist/dist-sandbox-5ccdfda5/build/Network/Wai/Parse.o )
[ 6 of 32] Compiling Network.Wai.Middleware.Vhost ( Network/Wai/Middleware/Vhost.hs, dist/dist-sandbox-5ccdfda5/build/Network/Wai/Middleware/Vhost.o )
[ 7 of 32] Compiling Network.Wai.Middleware.Timeout ( Network/Wai/Middleware/Timeout.hs, dist/dist-sandbox-5ccdfda5/build/Network/Wai/Middleware/Timeout.o )
[ 8 of 32] Compiling Network.Wai.Middleware.StripHeaders ( Network/Wai/Middleware/StripHeaders.hs, dist/dist-sandbox-5ccdfda5/build/Network/Wai/Middleware/StripHeaders.o )
[ 9 of 32] Compiling Network.Wai.Middleware.StreamFile ( Network/Wai/Middleware/StreamFile.hs, dist/dist-sandbox-5ccdfda5/build/Network/Wai/Middleware/StreamFile.o )
[10 of 32] Compiling Network.Wai.Middleware.Routed ( Network/Wai/Middleware/Routed.hs, dist/dist-sandbox-5ccdfda5/build/Network/Wai/Middleware/Routed.o )
[11 of 32] Compiling Network.Wai.Middleware.Rewrite ( Network/Wai/Middleware/Rewrite.hs, dist/dist-sandbox-5ccdfda5/build/Network/Wai/Middleware/Rewrite.o )
[12 of 32] Compiling Network.Wai.Middleware.RequestLogger.Internal ( Network/Wai/Middleware/RequestLogger/Internal.hs, dist/dist-sandbox-5ccdfda5/build/Network/Wai/Middleware/RequestLogger/Internal.o )
[13 of 32] Compiling Network.Wai.Middleware.MethodOverridePost ( Network/Wai/Middleware/MethodOverridePost.hs, dist/dist-sandbox-5ccdfda5/build/Network/Wai/Middleware/MethodOverridePost.o )
[14 of 32] Compiling Network.Wai.Middleware.MethodOverride ( Network/Wai/Middleware/MethodOverride.hs, dist/dist-sandbox-5ccdfda5/build/Network/Wai/Middleware/MethodOverride.o )
[15 of 32] Compiling Network.Wai.Middleware.Local ( Network/Wai/Middleware/Local.hs, dist/dist-sandbox-5ccdfda5/build/Network/Wai/Middleware/Local.o )
[16 of 32] Compiling Network.Wai.Middleware.Jsonp ( Network/Wai/Middleware/Jsonp.hs, dist/dist-sandbox-5ccdfda5/build/Network/Wai/Middleware/Jsonp.o )
[17 of 32] Compiling Network.Wai.Middleware.HttpAuth ( Network/Wai/Middleware/HttpAuth.hs, dist/dist-sandbox-5ccdfda5/build/Network/Wai/Middleware/HttpAuth.o )
[18 of 32] Compiling Network.Wai.Middleware.ForceSSL ( Network/Wai/Middleware/ForceSSL.hs, dist/dist-sandbox-5ccdfda5/build/Network/Wai/Middleware/ForceSSL.o )
[19 of 32] Compiling Network.Wai.Middleware.ForceDomain ( Network/Wai/Middleware/ForceDomain.hs, dist/dist-sandbox-5ccdfda5/build/Network/Wai/Middleware/ForceDomain.o )
[20 of 32] Compiling Network.Wai.Middleware.CleanPath ( Network/Wai/Middleware/CleanPath.hs, dist/dist-sandbox-5ccdfda5/build/Network/Wai/Middleware/CleanPath.o )
[21 of 32] Compiling Network.Wai.Middleware.Autohead ( Network/Wai/Middleware/Autohead.hs, dist/dist-sandbox-5ccdfda5/build/Network/Wai/Middleware/Autohead.o )
[22 of 32] Compiling Network.Wai.Middleware.Approot ( Network/Wai/Middleware/Approot.hs, dist/dist-sandbox-5ccdfda5/build/Network/Wai/Middleware/Approot.o )
[23 of 32] Compiling Network.Wai.Middleware.AddHeaders ( Network/Wai/Middleware/AddHeaders.hs, dist/dist-sandbox-5ccdfda5/build/Network/Wai/Middleware/AddHeaders.o )
[24 of 32] Compiling Network.Wai.Middleware.AcceptOverride ( Network/Wai/Middleware/AcceptOverride.hs, dist/dist-sandbox-5ccdfda5/build/Network/Wai/Middleware/AcceptOverride.o )
[25 of 32] Compiling Network.Wai.Header ( Network/Wai/Header.hs, dist/dist-sandbox-5ccdfda5/build/Network/Wai/Header.o )
[26 of 32] Compiling Network.Wai.Middleware.Gzip ( Network/Wai/Middleware/Gzip.hs, dist/dist-sandbox-5ccdfda5/build/Network/Wai/Middleware/Gzip.o )
[27 of 32] Compiling Network.Wai.Middleware.RequestLogger ( Network/Wai/Middleware/RequestLogger.hs, dist/dist-sandbox-5ccdfda5/build/Network/Wai/Middleware/RequestLogger.o )
[28 of 32] Compiling Network.Wai.Middleware.RequestLogger.JSON ( Network/Wai/Middleware/RequestLogger/JSON.hs, dist/dist-sandbox-5ccdfda5/build/Network/Wai/Middleware/RequestLogger/JSON.o )
[29 of 32] Compiling Network.Wai.Handler.CGI ( Network/Wai/Handler/CGI.hs, dist/dist-sandbox-5ccdfda5/build/Network/Wai/Handler/CGI.o )
[30 of 32] Compiling Network.Wai.Handler.SCGI ( Network/Wai/Handler/SCGI.hs, dist/dist-sandbox-5ccdfda5/build/Network/Wai/Handler/SCGI.o )
[31 of 32] Compiling Network.Wai.EventSource.EventStream ( Network/Wai/EventSource/EventStream.hs, dist/dist-sandbox-5ccdfda5/build/Network/Wai/EventSource/EventStream.o )
[32 of 32] Compiling Network.Wai.EventSource ( Network/Wai/EventSource.hs, dist/dist-sandbox-5ccdfda5/build/Network/Wai/EventSource.o )
Creating package registration file:
/tmp/pkgConf-wai-extra-3.0.241402961682672655340.3
Installing library in
/home/borisqa/Documents/Study/2019-Retakes/MusicComposer/.cabal-sandbox/lib/x86_64-linux-ghc-8.0.2/wai-extra-3.0.24.3-KEGQEI75ISeAHhje0BeOTM
Registering wai-extra-3.0.24.3...
cabal: Leaving directory '/tmp/cabal-tmp-15194/wai-extra-3.0.24.3'
