cabal: Entering directory '/tmp/cabal-tmp-15196/wai-3.2.1.2'
Warning: wai.cabal: Unknown fields: build-tool-depends (line 45)
Fields allowed in this section:
type, main-is, test-module, buildable, build-tools, build-depends,
cpp-options, cc-options, ld-options, pkgconfig-depends, frameworks,
extra-framework-dirs, c-sources, js-sources, default-language,
other-languages, default-extensions, other-extensions, extensions,
extra-libraries, extra-ghci-libraries, extra-lib-dirs, includes,
install-includes, include-dirs, hs-source-dirs, other-modules,
ghc-prof-options, ghcjs-prof-options, ghc-shared-options,
ghcjs-shared-options, ghc-options, ghcjs-options, jhc-options,
hugs-options, nhc98-options
Configuring wai-3.2.1.2...
Building wai-3.2.1.2...
Preprocessing library wai-3.2.1.2...
[1 of 2] Compiling Network.Wai.Internal ( Network/Wai/Internal.hs, dist/dist-sandbox-5ccdfda5/build/Network/Wai/Internal.o )
[2 of 2] Compiling Network.Wai      ( Network/Wai.hs, dist/dist-sandbox-5ccdfda5/build/Network/Wai.o )
Creating package registration file:
/tmp/pkgConf-wai-3.2.15017728901781999754.2
Installing library in
/home/borisqa/Documents/Study/2019-Retakes/MusicComposer/.cabal-sandbox/lib/x86_64-linux-ghc-8.0.2/wai-3.2.1.2-HZZGpXkWl2r6ah06PICSO7
Registering wai-3.2.1.2...
cabal: Leaving directory '/tmp/cabal-tmp-15196/wai-3.2.1.2'
